#
# A fatal error has been detected by the Java Runtime Environment:
#
#  SIGFPE (0x8) at pc=0x0000000116d944c8, pid=12958, tid=7939
#
# JRE version: OpenJDK Runtime Environment (14.0.2+12) (build 14.0.2+12-46)
# Java VM: OpenJDK 64-Bit Server VM (14.0.2+12-46, mixed mode, tiered, compressed oops, g1 gc, bsd-amd64)
# Problematic frame:
# j  math.Exer_15.calculateAverage(II)F+0 W3Resource
#
# No core dump will be written. Core dumps have been disabled. To enable core dumping, try "ulimit -c unlimited" before starting Java again
#
# If you would like to submit a bug report, please visit:
#   https://bugreport.java.com/bugreport/crash.jsp
#

---------------  S U M M A R Y ------------

Command Line: -Dfile.encoding=UTF-8 --module-path=/Users/noel/eclipse-workspace/W3Resource/bin -XX:+ShowCodeDetailsInExceptionMessages -Djdk.module.main=W3Resource W3Resource/math.Exer_15

Host: Macmini9,1 x86_64 2400 MHz, 8 cores, 8G, Darwin 20.3.0
Time: Sun Jan 31 23:19:20 2021 CET elapsed time: 0 seconds (0d 0h 0m 0s)

---------------  T H R E A D  ---------------

Current thread (0x00007f8390808800):  JavaThread "main" [_thread_in_Java, id=7939, stack(0x000000030d2b7000,0x000000030d3b7000)]

Stack: [0x000000030d2b7000,0x000000030d3b7000],  sp=0x000000030d3b6a08,  free space=1022k
Native frames: (J=compiled Java code, A=aot compiled Java code, j=interpreted, Vv=VM code, C=native code)
j  math.Exer_15.calculateAverage(II)F+0 W3Resource
j  math.Exer_15.main([Ljava/lang/String;)V+60 W3Resource
v  ~StubRoutines::call_stub
V  [libjvm.dylib+0x34b706]  _ZN9JavaCalls11call_helperEP9JavaValueRK12methodHandleP17JavaCallArgumentsP6Thread+0x256
V  [libjvm.dylib+0x38fdc9]  _ZL17jni_invoke_staticP7JNIEnv_P9JavaValueP8_jobject11JNICallTypeP10_jmethodIDP18JNI_ArgumentPusherP6Thread+0x11c
V  [libjvm.dylib+0x3936ac]  jni_CallStaticVoidMethod+0x1b3
C  [libjli.dylib+0x4a42]  JavaMain+0xab4
C  [libjli.dylib+0x6d4a]  ThreadJavaMain+0x9
C  [libsystem_pthread.dylib+0x6950]  _pthread_start+0xe0
C  [libsystem_pthread.dylib+0x247b]  thread_start+0xf


siginfo: si_signo: 8 (SIGFPE), si_code: 5 (FPE_FLTINV), si_addr: 0x0000000116d944c8

Register to memory mapping:

RAX=0x0 is NULL
RBX=0x000000000000006c is an unknown value
RCX=0x0 is NULL
RDX=0x0 is NULL
RSP=0x000000030d3b6a08 is pointing into the stack for thread: 0x00007f8390808800
RBP=0x000000030d3b6a50 is pointing into the stack for thread: 0x00007f8390808800
RSI=0x0000000000000001 is an unknown value
RDI=0x00007f8390808800 is a thread
R8 ={method} {0x000000012cd855f0} 'calculateAverage' '(II)F' in 'math/Exer_15'
R9 =0x00007f838fd08700 points into unknown readable memory: 18 55 d8 2c 01 00 00 00
R10=0x0000000111976f50: _ZN19TemplateInterpreter13_active_tableE+0x2000 in /Users/noel/.p2/pool/plugins/org.eclipse.justj.openjdk.hotspot.jre.full.macosx.x86_64_14.0.2.v20200815-0932/jre/lib/server/libjvm.dylib at 0x0000000111000000
R11=0x0000000117355a40 is at entry_point+32 in (nmethod*)0x0000000117355890
R12=0x0 is NULL
R13=0x000000012cd855ca is pointing into metadata
R14=0x000000030d3b6a68 is pointing into the stack for thread: 0x00007f8390808800
R15=0x00007f8390808800 is a thread


Registers:
RAX=0x0000000000000000, RBX=0x000000000000006c, RCX=0x0000000000000000, RDX=0x0000000000000000
RSP=0x000000030d3b6a08, RBP=0x000000030d3b6a50, RSI=0x0000000000000001, RDI=0x00007f8390808800
R8 =0x000000012cd855f0, R9 =0x00007f838fd08700, R10=0x0000000111976f50, R11=0x0000000117355a40
R12=0x0000000000000000, R13=0x000000012cd855ca, R14=0x000000030d3b6a68, R15=0x00007f8390808800
RIP=0x0000000116d944c8, EFLAGS=0x0000000000000a87, ERR=0x0000000000000000
  TRAPNO=0x0000000000000000

Top of Stack: (sp=0x000000030d3b6a08)
0x000000030d3b6a08:   000000030d3b6a08 000000012cd855c8
0x000000030d3b6a18:   000000030d3b6a68 000000012cd85648
0x000000030d3b6a28:   0000000000000000 0000000787ec9478
0x000000030d3b6a38:   000000012cd855f0 0000000000000000
0x000000030d3b6a48:   000000030d3b6a60 000000030d3b6ac8
0x000000030d3b6a58:   0000000116d89aa0 0000000000000000
0x000000030d3b6a68:   0000000000000000 0000000787d6c9d8
0x000000030d3b6a78:   0000000787f10b80 000000030d3b6a80
0x000000030d3b6a88:   000000012cd854bc 000000030d3b6af8
0x000000030d3b6a98:   000000012cd85648 0000000000000000
0x000000030d3b6aa8:   0000000787ec9478 000000012cd85518
0x000000030d3b6ab8:   000000030d3b6a60 000000030d3b6af8
0x000000030d3b6ac8:   000000030d3b6b60 0000000116d80947
0x000000030d3b6ad8:   0000000000000000 0000000000000000
0x000000030d3b6ae8:   0000000000000000 0000000787edec08
0x000000030d3b6af8:   0000000787ec9a20 0000000300001fa0
0x000000030d3b6b08:   00007f8390808800 000000030d3b6e90
0x000000030d3b6b18:   000000030d3b6e98 000000030d3b6ce0
0x000000030d3b6b28:   0000000000000001 000000030d3b6bb8
0x000000030d3b6b38:   000000030d3b6e98 000000030000000a
0x000000030d3b6b48:   000000012cd85518 0000000116d8e100
0x000000030d3b6b58:   000000030d3b6ce8 000000030d3b6c40
0x000000030d3b6b68:   000000011134b706 0000000000000001
0x000000030d3b6b78:   00007f8390808800 00007f8390808800
0x000000030d3b6b88:   00007f838fd08140 00007f838fd08610
0x000000030d3b6b98:   00007f838fd08620 00007f838fd086f8
0x000000030d3b6ba8:   00000000000000d8 00007f838fd08180
0x000000030d3b6bb8:   00007f8390808800 00007f838fd093c0
0x000000030d3b6bc8:   000000012cd85518 0000000000000000
0x000000030d3b6bd8:   0000000000000000 0000000000000000
0x000000030d3b6be8:   0000000000000000 000000030d3b6e90
0x000000030d3b6bf8:   0000000000000000 0000000116d8e100 

Instructions: (pc=0x0000000116d944c8)
0x0000000116d943c8:   bd f6 79 11 01 00 00 00 6a 00 00 00 00 00 00 00
0x0000000116d943d8:   00 00 00 00 00 00 00 00 f3 0f 10 04 24 48 83 c4
0x0000000116d943e8:   08 f3 0f 59 04 24 48 83 c4 08 41 0f b6 5d 01 49
0x0000000116d943f8:   ff c5 49 ba 50 7f 97 11 01 00 00 00 41 ff 24 da
0x0000000116d94408:   00 00 00 00 00 00 00 00 00 00 00 00 00 00 00 00
0x0000000116d94418:   00 00 00 00 00 00 00 00 60 00 00 00 00 00 00 00
0x0000000116d94428:   c2 f6 79 11 01 00 00 00 6b 00 00 00 00 00 00 00
0x0000000116d94438:   00 00 00 00 00 00 00 00 f2 0f 10 04 24 48 83 c4
0x0000000116d94448:   10 f2 0f 59 04 24 48 83 c4 10 41 0f b6 5d 01 49
0x0000000116d94458:   ff c5 49 ba 50 87 97 11 01 00 00 00 41 ff 24 da
0x0000000116d94468:   00 00 00 00 00 00 00 00 00 00 00 00 00 00 00 00
0x0000000116d94478:   00 00 00 00 00 00 00 00 60 00 00 00 00 00 00 00
0x0000000116d94488:   c7 f6 79 11 01 00 00 00 6c 00 00 00 00 00 00 00
0x0000000116d94498:   00 00 00 00 00 00 00 00 8b 04 24 48 83 c4 08 8b
0x0000000116d944a8:   c8 8b 04 24 48 83 c4 08 81 f8 00 00 00 80 0f 85
0x0000000116d944b8:   0b 00 00 00 33 d2 83 f9 ff 0f 84 03 00 00 00 99
0x0000000116d944c8:   f7 f9 41 0f b6 5d 01 49 ff c5 49 ba 50 6f 97 11
0x0000000116d944d8:   01 00 00 00 41 ff 24 da 80 00 00 00 00 00 00 00
0x0000000116d944e8:   cc f6 79 11 01 00 00 00 6d 00 00 00 00 00 00 00
0x0000000116d944f8:   00 00 00 00 00 00 00 00 48 8b 04 24 48 83 c4 10
0x0000000116d94508:   48 8b c8 48 8b 04 24 48 83 c4 10 48 85 c9 0f 84
0x0000000116d94518:   d3 98 ff ff 48 3b 05 7d 47 a8 fa 0f 85 0c 00 00
0x0000000116d94528:   00 33 d2 48 83 f9 ff 0f 84 05 00 00 00 48 99 48
0x0000000116d94538:   f7 f9 41 0f b6 5d 01 49 ff c5 49 ba 50 77 97 11
0x0000000116d94548:   01 00 00 00 41 ff 24 da 00 00 00 00 00 00 00 00
0x0000000116d94558:   00 00 00 00 00 00 00 00 60 00 00 00 00 00 00 00
0x0000000116d94568:   d1 f6 79 11 01 00 00 00 6e 00 00 00 00 00 00 00
0x0000000116d94578:   00 00 00 00 00 00 00 00 f3 0f 10 04 24 48 83 c4
0x0000000116d94588:   08 0f 28 c8 f3 0f 10 04 24 48 83 c4 08 f3 0f 5e
0x0000000116d94598:   c1 41 0f b6 5d 01 49 ff c5 49 ba 50 7f 97 11 01
0x0000000116d945a8:   00 00 00 41 ff 24 da 90 00 00 00 00 00 00 00 00
0x0000000116d945b8:   00 00 00 00 00 00 00 00 60 00 00 00 00 00 00 00 


Stack slot to memory mapping:
stack at sp + 0 slots: 0x000000030d3b6a08 is pointing into the stack for thread: 0x00007f8390808800
stack at sp + 1 slots: 0x000000012cd855c8 is pointing into metadata
stack at sp + 2 slots: 0x000000030d3b6a68 is pointing into the stack for thread: 0x00007f8390808800
stack at sp + 3 slots: 0x000000012cd85648 is pointing into metadata
stack at sp + 4 slots: 0x0 is NULL
stack at sp + 5 slots: 0x0000000787ec9478 is an oop: java.lang.Class 
{0x0000000787ec9478} - klass: 'java/lang/Class'
stack at sp + 6 slots: {method} {0x000000012cd855f0} 'calculateAverage' '(II)F' in 'math/Exer_15'
stack at sp + 7 slots: 0x0 is NULL

idiv  108 idiv  [0x0000000116d944a0, 0x0000000116d944e0]  64 bytes
[MachCode]
  0x0000000116d944a0: 8b04 2448 | 83c4 088b | c88b 0424 | 4883 c408 | 81f8 0000 | 0080 0f85 | 0b00 0000 | 33d2 83f9 
  0x0000000116d944c0: ff0f 8403 | 0000 0099 | f7f9 410f | b65d 0149 | ffc5 49ba | 506f 9711 | 0100 0000 | 41ff 24da 
[/MachCode]

---------------  P R O C E S S  ---------------

Threads class SMR info:
_java_thread_list=0x00007f838fc736c0, length=10, elements={
0x00007f8390808800, 0x00007f8390076000, 0x00007f8390076800, 0x00007f8390889000,
0x00007f839088c000, 0x00007f839088c800, 0x00007f839088d800, 0x00007f839088e800,
0x00007f8378810800, 0x00007f8390068800
}

Java Threads: ( => current thread )
=>0x00007f8390808800 JavaThread "main" [_thread_in_Java, id=7939, stack(0x000000030d2b7000,0x000000030d3b7000)]
  0x00007f8390076000 JavaThread "Reference Handler" daemon [_thread_blocked, id=16131, stack(0x000000030d9cc000,0x000000030dacc000)]
  0x00007f8390076800 JavaThread "Finalizer" daemon [_thread_blocked, id=21763, stack(0x000000030dacf000,0x000000030dbcf000)]
  0x00007f8390889000 JavaThread "Signal Dispatcher" daemon [_thread_blocked, id=23299, stack(0x000000030dce3000,0x000000030dde3000)]
  0x00007f839088c000 JavaThread "Service Thread" daemon [_thread_blocked, id=23555, stack(0x000000030dde6000,0x000000030dee6000)]
  0x00007f839088c800 JavaThread "C2 CompilerThread0" daemon [_thread_blocked, id=39939, stack(0x000000030dee9000,0x000000030dfe9000)]
  0x00007f839088d800 JavaThread "C1 CompilerThread0" daemon [_thread_blocked, id=24323, stack(0x000000030dfec000,0x000000030e0ec000)]
  0x00007f839088e800 JavaThread "Sweeper thread" daemon [_thread_blocked, id=24835, stack(0x000000030e0ef000,0x000000030e1ef000)]
  0x00007f8378810800 JavaThread "Common-Cleaner" daemon [_thread_blocked, id=25859, stack(0x000000030e1f2000,0x000000030e2f2000)]
  0x00007f8390068800 JavaThread "Notification Thread" daemon [_thread_blocked, id=26627, stack(0x000000030e2f5000,0x000000030e3f5000)]

Other Threads:
  0x00007f8390075000 VMThread "VM Thread" [stack: 0x000000030d8c9000,0x000000030d9c9000] [id=16899]
  0x00007f8378811800 WatcherThread [stack: 0x000000030e3f8000,0x000000030e4f8000] [id=26899]
  0x00007f8390039800 GCTaskThread "GC Thread#0" [stack: 0x000000030d3ba000,0x000000030d4ba000] [id=18947]
  0x00007f839080c800 ConcurrentGCThread "G1 Main Marker" [stack: 0x000000030d4bd000,0x000000030d5bd000] [id=18691]
  0x00007f8390825800 ConcurrentGCThread "G1 Conc#0" [stack: 0x000000030d5c0000,0x000000030d6c0000] [id=17923]
  0x00007f8390886000 ConcurrentGCThread "G1 Refine#0" [stack: 0x000000030d6c3000,0x000000030d7c3000] [id=14595]
  0x00007f8390886800 ConcurrentGCThread "G1 Young RemSet Sampling" [stack: 0x000000030d7c6000,0x000000030d8c6000] [id=17411]

Threads with active compile tasks:

VM state:not at safepoint (normal execution)

VM Mutex/Monitor currently owned by a thread: None

Heap address: 0x0000000780000000, size: 2048 MB, Compressed Oops mode: Zero based, Oop shift amount: 3
Narrow klass base: 0x0000000800000000, Narrow klass shift: 0
Compressed class space size: 1073741824 Address: 0x0000000800000000

Heap:
 garbage-first heap   total 131072K, used 2048K [0x0000000780000000, 0x0000000800000000)
  region size 1024K, 3 young (3072K), 0 survivors (0K)
 Metaspace       used 7370K, capacity 7522K, committed 7680K, reserved 1056768K
  class space    used 666K, capacity 699K, committed 768K, reserved 1048576K
Heap Regions: E=young(eden), S=young(survivor), O=old, HS=humongous(starts), HC=humongous(continues), CS=collection set, F=free, OA=open archive, CA=closed archive, TAMS=top-at-mark-start (previous, next)
|   0|0x0000000780000000, 0x0000000780000000, 0x0000000780100000|  0%| F|  |TAMS 0x0000000780000000, 0x0000000780000000| Untracked 
|   1|0x0000000780100000, 0x0000000780100000, 0x0000000780200000|  0%| F|  |TAMS 0x0000000780100000, 0x0000000780100000| Untracked 
|   2|0x0000000780200000, 0x0000000780200000, 0x0000000780300000|  0%| F|  |TAMS 0x0000000780200000, 0x0000000780200000| Untracked 
|   3|0x0000000780300000, 0x0000000780300000, 0x0000000780400000|  0%| F|  |TAMS 0x0000000780300000, 0x0000000780300000| Untracked 
|   4|0x0000000780400000, 0x0000000780400000, 0x0000000780500000|  0%| F|  |TAMS 0x0000000780400000, 0x0000000780400000| Untracked 
|   5|0x0000000780500000, 0x0000000780500000, 0x0000000780600000|  0%| F|  |TAMS 0x0000000780500000, 0x0000000780500000| Untracked 
|   6|0x0000000780600000, 0x0000000780600000, 0x0000000780700000|  0%| F|  |TAMS 0x0000000780600000, 0x0000000780600000| Untracked 
|   7|0x0000000780700000, 0x0000000780700000, 0x0000000780800000|  0%| F|  |TAMS 0x0000000780700000, 0x0000000780700000| Untracked 
|   8|0x0000000780800000, 0x0000000780800000, 0x0000000780900000|  0%| F|  |TAMS 0x0000000780800000, 0x0000000780800000| Untracked 
|   9|0x0000000780900000, 0x0000000780900000, 0x0000000780a00000|  0%| F|  |TAMS 0x0000000780900000, 0x0000000780900000| Untracked 
|  10|0x0000000780a00000, 0x0000000780a00000, 0x0000000780b00000|  0%| F|  |TAMS 0x0000000780a00000, 0x0000000780a00000| Untracked 
|  11|0x0000000780b00000, 0x0000000780b00000, 0x0000000780c00000|  0%| F|  |TAMS 0x0000000780b00000, 0x0000000780b00000| Untracked 
|  12|0x0000000780c00000, 0x0000000780c00000, 0x0000000780d00000|  0%| F|  |TAMS 0x0000000780c00000, 0x0000000780c00000| Untracked 
|  13|0x0000000780d00000, 0x0000000780d00000, 0x0000000780e00000|  0%| F|  |TAMS 0x0000000780d00000, 0x0000000780d00000| Untracked 
|  14|0x0000000780e00000, 0x0000000780e00000, 0x0000000780f00000|  0%| F|  |TAMS 0x0000000780e00000, 0x0000000780e00000| Untracked 
|  15|0x0000000780f00000, 0x0000000780f00000, 0x0000000781000000|  0%| F|  |TAMS 0x0000000780f00000, 0x0000000780f00000| Untracked 
|  16|0x0000000781000000, 0x0000000781000000, 0x0000000781100000|  0%| F|  |TAMS 0x0000000781000000, 0x0000000781000000| Untracked 
|  17|0x0000000781100000, 0x0000000781100000, 0x0000000781200000|  0%| F|  |TAMS 0x0000000781100000, 0x0000000781100000| Untracked 
|  18|0x0000000781200000, 0x0000000781200000, 0x0000000781300000|  0%| F|  |TAMS 0x0000000781200000, 0x0000000781200000| Untracked 
|  19|0x0000000781300000, 0x0000000781300000, 0x0000000781400000|  0%| F|  |TAMS 0x0000000781300000, 0x0000000781300000| Untracked 
|  20|0x0000000781400000, 0x0000000781400000, 0x0000000781500000|  0%| F|  |TAMS 0x0000000781400000, 0x0000000781400000| Untracked 
|  21|0x0000000781500000, 0x0000000781500000, 0x0000000781600000|  0%| F|  |TAMS 0x0000000781500000, 0x0000000781500000| Untracked 
|  22|0x0000000781600000, 0x0000000781600000, 0x0000000781700000|  0%| F|  |TAMS 0x0000000781600000, 0x0000000781600000| Untracked 
|  23|0x0000000781700000, 0x0000000781700000, 0x0000000781800000|  0%| F|  |TAMS 0x0000000781700000, 0x0000000781700000| Untracked 
|  24|0x0000000781800000, 0x0000000781800000, 0x0000000781900000|  0%| F|  |TAMS 0x0000000781800000, 0x0000000781800000| Untracked 
|  25|0x0000000781900000, 0x0000000781900000, 0x0000000781a00000|  0%| F|  |TAMS 0x0000000781900000, 0x0000000781900000| Untracked 
|  26|0x0000000781a00000, 0x0000000781a00000, 0x0000000781b00000|  0%| F|  |TAMS 0x0000000781a00000, 0x0000000781a00000| Untracked 
|  27|0x0000000781b00000, 0x0000000781b00000, 0x0000000781c00000|  0%| F|  |TAMS 0x0000000781b00000, 0x0000000781b00000| Untracked 
|  28|0x0000000781c00000, 0x0000000781c00000, 0x0000000781d00000|  0%| F|  |TAMS 0x0000000781c00000, 0x0000000781c00000| Untracked 
|  29|0x0000000781d00000, 0x0000000781d00000, 0x0000000781e00000|  0%| F|  |TAMS 0x0000000781d00000, 0x0000000781d00000| Untracked 
|  30|0x0000000781e00000, 0x0000000781e00000, 0x0000000781f00000|  0%| F|  |TAMS 0x0000000781e00000, 0x0000000781e00000| Untracked 
|  31|0x0000000781f00000, 0x0000000781f00000, 0x0000000782000000|  0%| F|  |TAMS 0x0000000781f00000, 0x0000000781f00000| Untracked 
|  32|0x0000000782000000, 0x0000000782000000, 0x0000000782100000|  0%| F|  |TAMS 0x0000000782000000, 0x0000000782000000| Untracked 
|  33|0x0000000782100000, 0x0000000782100000, 0x0000000782200000|  0%| F|  |TAMS 0x0000000782100000, 0x0000000782100000| Untracked 
|  34|0x0000000782200000, 0x0000000782200000, 0x0000000782300000|  0%| F|  |TAMS 0x0000000782200000, 0x0000000782200000| Untracked 
|  35|0x0000000782300000, 0x0000000782300000, 0x0000000782400000|  0%| F|  |TAMS 0x0000000782300000, 0x0000000782300000| Untracked 
|  36|0x0000000782400000, 0x0000000782400000, 0x0000000782500000|  0%| F|  |TAMS 0x0000000782400000, 0x0000000782400000| Untracked 
|  37|0x0000000782500000, 0x0000000782500000, 0x0000000782600000|  0%| F|  |TAMS 0x0000000782500000, 0x0000000782500000| Untracked 
|  38|0x0000000782600000, 0x0000000782600000, 0x0000000782700000|  0%| F|  |TAMS 0x0000000782600000, 0x0000000782600000| Untracked 
|  39|0x0000000782700000, 0x0000000782700000, 0x0000000782800000|  0%| F|  |TAMS 0x0000000782700000, 0x0000000782700000| Untracked 
|  40|0x0000000782800000, 0x0000000782800000, 0x0000000782900000|  0%| F|  |TAMS 0x0000000782800000, 0x0000000782800000| Untracked 
|  41|0x0000000782900000, 0x0000000782900000, 0x0000000782a00000|  0%| F|  |TAMS 0x0000000782900000, 0x0000000782900000| Untracked 
|  42|0x0000000782a00000, 0x0000000782a00000, 0x0000000782b00000|  0%| F|  |TAMS 0x0000000782a00000, 0x0000000782a00000| Untracked 
|  43|0x0000000782b00000, 0x0000000782b00000, 0x0000000782c00000|  0%| F|  |TAMS 0x0000000782b00000, 0x0000000782b00000| Untracked 
|  44|0x0000000782c00000, 0x0000000782c00000, 0x0000000782d00000|  0%| F|  |TAMS 0x0000000782c00000, 0x0000000782c00000| Untracked 
|  45|0x0000000782d00000, 0x0000000782d00000, 0x0000000782e00000|  0%| F|  |TAMS 0x0000000782d00000, 0x0000000782d00000| Untracked 
|  46|0x0000000782e00000, 0x0000000782e00000, 0x0000000782f00000|  0%| F|  |TAMS 0x0000000782e00000, 0x0000000782e00000| Untracked 
|  47|0x0000000782f00000, 0x0000000782f00000, 0x0000000783000000|  0%| F|  |TAMS 0x0000000782f00000, 0x0000000782f00000| Untracked 
|  48|0x0000000783000000, 0x0000000783000000, 0x0000000783100000|  0%| F|  |TAMS 0x0000000783000000, 0x0000000783000000| Untracked 
|  49|0x0000000783100000, 0x0000000783100000, 0x0000000783200000|  0%| F|  |TAMS 0x0000000783100000, 0x0000000783100000| Untracked 
|  50|0x0000000783200000, 0x0000000783200000, 0x0000000783300000|  0%| F|  |TAMS 0x0000000783200000, 0x0000000783200000| Untracked 
|  51|0x0000000783300000, 0x0000000783300000, 0x0000000783400000|  0%| F|  |TAMS 0x0000000783300000, 0x0000000783300000| Untracked 
|  52|0x0000000783400000, 0x0000000783400000, 0x0000000783500000|  0%| F|  |TAMS 0x0000000783400000, 0x0000000783400000| Untracked 
|  53|0x0000000783500000, 0x0000000783500000, 0x0000000783600000|  0%| F|  |TAMS 0x0000000783500000, 0x0000000783500000| Untracked 
|  54|0x0000000783600000, 0x0000000783600000, 0x0000000783700000|  0%| F|  |TAMS 0x0000000783600000, 0x0000000783600000| Untracked 
|  55|0x0000000783700000, 0x0000000783700000, 0x0000000783800000|  0%| F|  |TAMS 0x0000000783700000, 0x0000000783700000| Untracked 
|  56|0x0000000783800000, 0x0000000783800000, 0x0000000783900000|  0%| F|  |TAMS 0x0000000783800000, 0x0000000783800000| Untracked 
|  57|0x0000000783900000, 0x0000000783900000, 0x0000000783a00000|  0%| F|  |TAMS 0x0000000783900000, 0x0000000783900000| Untracked 
|  58|0x0000000783a00000, 0x0000000783a00000, 0x0000000783b00000|  0%| F|  |TAMS 0x0000000783a00000, 0x0000000783a00000| Untracked 
|  59|0x0000000783b00000, 0x0000000783b00000, 0x0000000783c00000|  0%| F|  |TAMS 0x0000000783b00000, 0x0000000783b00000| Untracked 
|  60|0x0000000783c00000, 0x0000000783c00000, 0x0000000783d00000|  0%| F|  |TAMS 0x0000000783c00000, 0x0000000783c00000| Untracked 
|  61|0x0000000783d00000, 0x0000000783d00000, 0x0000000783e00000|  0%| F|  |TAMS 0x0000000783d00000, 0x0000000783d00000| Untracked 
|  62|0x0000000783e00000, 0x0000000783e00000, 0x0000000783f00000|  0%| F|  |TAMS 0x0000000783e00000, 0x0000000783e00000| Untracked 
|  63|0x0000000783f00000, 0x0000000783f00000, 0x0000000784000000|  0%| F|  |TAMS 0x0000000783f00000, 0x0000000783f00000| Untracked 
|  64|0x0000000784000000, 0x0000000784000000, 0x0000000784100000|  0%| F|  |TAMS 0x0000000784000000, 0x0000000784000000| Untracked 
|  65|0x0000000784100000, 0x0000000784100000, 0x0000000784200000|  0%| F|  |TAMS 0x0000000784100000, 0x0000000784100000| Untracked 
|  66|0x0000000784200000, 0x0000000784200000, 0x0000000784300000|  0%| F|  |TAMS 0x0000000784200000, 0x0000000784200000| Untracked 
|  67|0x0000000784300000, 0x0000000784300000, 0x0000000784400000|  0%| F|  |TAMS 0x0000000784300000, 0x0000000784300000| Untracked 
|  68|0x0000000784400000, 0x0000000784400000, 0x0000000784500000|  0%| F|  |TAMS 0x0000000784400000, 0x0000000784400000| Untracked 
|  69|0x0000000784500000, 0x0000000784500000, 0x0000000784600000|  0%| F|  |TAMS 0x0000000784500000, 0x0000000784500000| Untracked 
|  70|0x0000000784600000, 0x0000000784600000, 0x0000000784700000|  0%| F|  |TAMS 0x0000000784600000, 0x0000000784600000| Untracked 
|  71|0x0000000784700000, 0x0000000784700000, 0x0000000784800000|  0%| F|  |TAMS 0x0000000784700000, 0x0000000784700000| Untracked 
|  72|0x0000000784800000, 0x0000000784800000, 0x0000000784900000|  0%| F|  |TAMS 0x0000000784800000, 0x0000000784800000| Untracked 
|  73|0x0000000784900000, 0x0000000784900000, 0x0000000784a00000|  0%| F|  |TAMS 0x0000000784900000, 0x0000000784900000| Untracked 
|  74|0x0000000784a00000, 0x0000000784a00000, 0x0000000784b00000|  0%| F|  |TAMS 0x0000000784a00000, 0x0000000784a00000| Untracked 
|  75|0x0000000784b00000, 0x0000000784b00000, 0x0000000784c00000|  0%| F|  |TAMS 0x0000000784b00000, 0x0000000784b00000| Untracked 
|  76|0x0000000784c00000, 0x0000000784c00000, 0x0000000784d00000|  0%| F|  |TAMS 0x0000000784c00000, 0x0000000784c00000| Untracked 
|  77|0x0000000784d00000, 0x0000000784d00000, 0x0000000784e00000|  0%| F|  |TAMS 0x0000000784d00000, 0x0000000784d00000| Untracked 
|  78|0x0000000784e00000, 0x0000000784e00000, 0x0000000784f00000|  0%| F|  |TAMS 0x0000000784e00000, 0x0000000784e00000| Untracked 
|  79|0x0000000784f00000, 0x0000000784f00000, 0x0000000785000000|  0%| F|  |TAMS 0x0000000784f00000, 0x0000000784f00000| Untracked 
|  80|0x0000000785000000, 0x0000000785000000, 0x0000000785100000|  0%| F|  |TAMS 0x0000000785000000, 0x0000000785000000| Untracked 
|  81|0x0000000785100000, 0x0000000785100000, 0x0000000785200000|  0%| F|  |TAMS 0x0000000785100000, 0x0000000785100000| Untracked 
|  82|0x0000000785200000, 0x0000000785200000, 0x0000000785300000|  0%| F|  |TAMS 0x0000000785200000, 0x0000000785200000| Untracked 
|  83|0x0000000785300000, 0x0000000785300000, 0x0000000785400000|  0%| F|  |TAMS 0x0000000785300000, 0x0000000785300000| Untracked 
|  84|0x0000000785400000, 0x0000000785400000, 0x0000000785500000|  0%| F|  |TAMS 0x0000000785400000, 0x0000000785400000| Untracked 
|  85|0x0000000785500000, 0x0000000785500000, 0x0000000785600000|  0%| F|  |TAMS 0x0000000785500000, 0x0000000785500000| Untracked 
|  86|0x0000000785600000, 0x0000000785600000, 0x0000000785700000|  0%| F|  |TAMS 0x0000000785600000, 0x0000000785600000| Untracked 
|  87|0x0000000785700000, 0x0000000785700000, 0x0000000785800000|  0%| F|  |TAMS 0x0000000785700000, 0x0000000785700000| Untracked 
|  88|0x0000000785800000, 0x0000000785800000, 0x0000000785900000|  0%| F|  |TAMS 0x0000000785800000, 0x0000000785800000| Untracked 
|  89|0x0000000785900000, 0x0000000785900000, 0x0000000785a00000|  0%| F|  |TAMS 0x0000000785900000, 0x0000000785900000| Untracked 
|  90|0x0000000785a00000, 0x0000000785a00000, 0x0000000785b00000|  0%| F|  |TAMS 0x0000000785a00000, 0x0000000785a00000| Untracked 
|  91|0x0000000785b00000, 0x0000000785b00000, 0x0000000785c00000|  0%| F|  |TAMS 0x0000000785b00000, 0x0000000785b00000| Untracked 
|  92|0x0000000785c00000, 0x0000000785c00000, 0x0000000785d00000|  0%| F|  |TAMS 0x0000000785c00000, 0x0000000785c00000| Untracked 
|  93|0x0000000785d00000, 0x0000000785d00000, 0x0000000785e00000|  0%| F|  |TAMS 0x0000000785d00000, 0x0000000785d00000| Untracked 
|  94|0x0000000785e00000, 0x0000000785e00000, 0x0000000785f00000|  0%| F|  |TAMS 0x0000000785e00000, 0x0000000785e00000| Untracked 
|  95|0x0000000785f00000, 0x0000000785f00000, 0x0000000786000000|  0%| F|  |TAMS 0x0000000785f00000, 0x0000000785f00000| Untracked 
|  96|0x0000000786000000, 0x0000000786000000, 0x0000000786100000|  0%| F|  |TAMS 0x0000000786000000, 0x0000000786000000| Untracked 
|  97|0x0000000786100000, 0x0000000786100000, 0x0000000786200000|  0%| F|  |TAMS 0x0000000786100000, 0x0000000786100000| Untracked 
|  98|0x0000000786200000, 0x0000000786200000, 0x0000000786300000|  0%| F|  |TAMS 0x0000000786200000, 0x0000000786200000| Untracked 
|  99|0x0000000786300000, 0x0000000786300000, 0x0000000786400000|  0%| F|  |TAMS 0x0000000786300000, 0x0000000786300000| Untracked 
| 100|0x0000000786400000, 0x0000000786400000, 0x0000000786500000|  0%| F|  |TAMS 0x0000000786400000, 0x0000000786400000| Untracked 
| 101|0x0000000786500000, 0x0000000786500000, 0x0000000786600000|  0%| F|  |TAMS 0x0000000786500000, 0x0000000786500000| Untracked 
| 102|0x0000000786600000, 0x0000000786600000, 0x0000000786700000|  0%| F|  |TAMS 0x0000000786600000, 0x0000000786600000| Untracked 
| 103|0x0000000786700000, 0x0000000786700000, 0x0000000786800000|  0%| F|  |TAMS 0x0000000786700000, 0x0000000786700000| Untracked 
| 104|0x0000000786800000, 0x0000000786800000, 0x0000000786900000|  0%| F|  |TAMS 0x0000000786800000, 0x0000000786800000| Untracked 
| 105|0x0000000786900000, 0x0000000786900000, 0x0000000786a00000|  0%| F|  |TAMS 0x0000000786900000, 0x0000000786900000| Untracked 
| 106|0x0000000786a00000, 0x0000000786a00000, 0x0000000786b00000|  0%| F|  |TAMS 0x0000000786a00000, 0x0000000786a00000| Untracked 
| 107|0x0000000786b00000, 0x0000000786b00000, 0x0000000786c00000|  0%| F|  |TAMS 0x0000000786b00000, 0x0000000786b00000| Untracked 
| 108|0x0000000786c00000, 0x0000000786c00000, 0x0000000786d00000|  0%| F|  |TAMS 0x0000000786c00000, 0x0000000786c00000| Untracked 
| 109|0x0000000786d00000, 0x0000000786d00000, 0x0000000786e00000|  0%| F|  |TAMS 0x0000000786d00000, 0x0000000786d00000| Untracked 
| 110|0x0000000786e00000, 0x0000000786e00000, 0x0000000786f00000|  0%| F|  |TAMS 0x0000000786e00000, 0x0000000786e00000| Untracked 
| 111|0x0000000786f00000, 0x0000000786f00000, 0x0000000787000000|  0%| F|  |TAMS 0x0000000786f00000, 0x0000000786f00000| Untracked 
| 112|0x0000000787000000, 0x0000000787000000, 0x0000000787100000|  0%| F|  |TAMS 0x0000000787000000, 0x0000000787000000| Untracked 
| 113|0x0000000787100000, 0x0000000787100000, 0x0000000787200000|  0%| F|  |TAMS 0x0000000787100000, 0x0000000787100000| Untracked 
| 114|0x0000000787200000, 0x0000000787200000, 0x0000000787300000|  0%| F|  |TAMS 0x0000000787200000, 0x0000000787200000| Untracked 
| 115|0x0000000787300000, 0x0000000787300000, 0x0000000787400000|  0%| F|  |TAMS 0x0000000787300000, 0x0000000787300000| Untracked 
| 116|0x0000000787400000, 0x0000000787400000, 0x0000000787500000|  0%| F|  |TAMS 0x0000000787400000, 0x0000000787400000| Untracked 
| 117|0x0000000787500000, 0x0000000787500000, 0x0000000787600000|  0%| F|  |TAMS 0x0000000787500000, 0x0000000787500000| Untracked 
| 118|0x0000000787600000, 0x0000000787600000, 0x0000000787700000|  0%| F|  |TAMS 0x0000000787600000, 0x0000000787600000| Untracked 
| 119|0x0000000787700000, 0x0000000787700000, 0x0000000787800000|  0%| F|  |TAMS 0x0000000787700000, 0x0000000787700000| Untracked 
| 120|0x0000000787800000, 0x0000000787800000, 0x0000000787900000|  0%| F|  |TAMS 0x0000000787800000, 0x0000000787800000| Untracked 
| 121|0x0000000787900000, 0x0000000787900000, 0x0000000787a00000|  0%| F|  |TAMS 0x0000000787900000, 0x0000000787900000| Untracked 
| 122|0x0000000787a00000, 0x0000000787a00000, 0x0000000787b00000|  0%| F|  |TAMS 0x0000000787a00000, 0x0000000787a00000| Untracked 
| 123|0x0000000787b00000, 0x0000000787b00000, 0x0000000787c00000|  0%| F|  |TAMS 0x0000000787b00000, 0x0000000787b00000| Untracked 
| 124|0x0000000787c00000, 0x0000000787c00000, 0x0000000787d00000|  0%| F|  |TAMS 0x0000000787c00000, 0x0000000787c00000| Untracked 
| 125|0x0000000787d00000, 0x0000000787d76838, 0x0000000787e00000| 46%| E|  |TAMS 0x0000000787d00000, 0x0000000787d00000| Complete 
| 126|0x0000000787e00000, 0x0000000787f00000, 0x0000000787f00000|100%| E|CS|TAMS 0x0000000787e00000, 0x0000000787e00000| Complete 
| 127|0x0000000787f00000, 0x0000000788000000, 0x0000000788000000|100%| E|CS|TAMS 0x0000000787f00000, 0x0000000787f00000| Complete 

Card table byte_map: [0x0000000126180000,0x0000000126580000] _byte_map_base: 0x0000000122580000

Marking Bits (Prev, Next): (CMBitMap*) 0x00007f839080c018, (CMBitMap*) 0x00007f839080c058
 Prev Bits: [0x0000000126980000, 0x0000000128980000)
 Next Bits: [0x0000000128980000, 0x000000012a980000)

Polling page: 0x00000001047ed000

Metaspace:

Usage:
  Non-class:      6.66 MB capacity,     6.55 MB ( 98%) used,   111.03 KB (  2%) free+waste,     7.75 KB ( <1%) overhead. 
      Class:    699.00 KB capacity,   666.49 KB ( 95%) used,    28.63 KB (  4%) free+waste,     3.88 KB ( <1%) overhead. 
       Both:      7.35 MB capacity,     7.20 MB ( 98%) used,   139.66 KB (  2%) free+waste,    11.62 KB ( <1%) overhead. 

Virtual space:
  Non-class space:        8.00 MB reserved,       6.75 MB ( 84%) committed 
      Class space:        1.00 GB reserved,     768.00 KB ( <1%) committed 
             Both:        1.01 GB reserved,       7.50 MB ( <1%) committed 

Chunk freelists:
   Non-Class:  25.00 KB
       Class:  5.00 KB
        Both:  30.00 KB

MaxMetaspaceSize: unlimited
CompressedClassSpaceSize: 1.00 GB

CodeHeap 'non-profiled nmethods': size=120028Kb used=89Kb max_used=89Kb free=119938Kb
 bounds [0x000000011e849000, 0x000000011eab9000, 0x0000000125d80000]
CodeHeap 'profiled nmethods': size=120028Kb used=377Kb max_used=377Kb free=119650Kb
 bounds [0x0000000117312000, 0x0000000117582000, 0x000000011e849000]
CodeHeap 'non-nmethods': size=5704Kb used=1114Kb max_used=1121Kb free=4589Kb
 bounds [0x0000000116d80000, 0x0000000116ff0000, 0x0000000117312000]
 total_blobs=662 nmethods=300 adapters=277
 compilation: enabled
              stopped_count=0, restarted_count=0
 full_count=0

Compilation events (20 events):
Event: 0.243 Thread 0x00007f839088d800  290       3       java.nio.Buffer::nextGetIndex (30 bytes)
Event: 0.243 Thread 0x00007f839088d800 nmethod 290 0x000000011736e010 code [0x000000011736e1c0, 0x000000011736e380]
Event: 0.243 Thread 0x00007f839088d800  291   !   3       java.nio.DirectByteBuffer::get (32 bytes)
Event: 0.243 Thread 0x00007f839088d800 nmethod 291 0x000000011736e490 code [0x000000011736e680, 0x000000011736eb30]
Event: 0.243 Thread 0x00007f839088d800  292       3       jdk.internal.misc.Unsafe::getByte (7 bytes)
Event: 0.243 Thread 0x00007f839088d800 nmethod 292 0x000000011736ee10 code [0x000000011736efa0, 0x000000011736f0b0]
Event: 0.245 Thread 0x00007f839088d800  294       3       java.lang.ref.Reference::<init> (25 bytes)
Event: 0.245 Thread 0x00007f839088d800 nmethod 294 0x000000011736f110 code [0x000000011736f2c0, 0x000000011736f530]
Event: 0.246 Thread 0x00007f839088c800  295       4       java.util.Objects::requireNonNull (14 bytes)
Event: 0.246 Thread 0x00007f839088d800  296       3       java.lang.Object::equals (11 bytes)
Event: 0.246 Thread 0x00007f839088d800 nmethod 296 0x000000011736f610 code [0x000000011736f7a0, 0x000000011736f8f0]
Event: 0.246 Thread 0x00007f839088d800  297       3       jdk.internal.org.objectweb.asm.ByteVector::put122 (93 bytes)
Event: 0.247 Thread 0x00007f839088c800 nmethod 295 0x000000011e85f110 code [0x000000011e85f280, 0x000000011e85f2f8]
Event: 0.247 Thread 0x00007f839088d800 nmethod 297 0x000000011736f990 code [0x000000011736fb40, 0x000000011736fdc0]
Event: 0.247 Thread 0x00007f839088d800  298       3       java.lang.reflect.Modifier::isPublic (12 bytes)
Event: 0.247 Thread 0x00007f839088d800 nmethod 298 0x000000011736ff90 code [0x0000000117370120, 0x0000000117370250]
Event: 0.248 Thread 0x00007f839088d800  299       3       java.lang.StringUTF16::getChar (60 bytes)
Event: 0.248 Thread 0x00007f839088d800 nmethod 299 0x0000000117370310 code [0x00000001173704a0, 0x00000001173705f0]
Event: 0.248 Thread 0x00007f839088c800  300       4       java.lang.StringUTF16::getChar (60 bytes)
Event: 0.249 Thread 0x00007f839088c800 nmethod 300 0x000000011e85f410 code [0x000000011e85f5a0, 0x000000011e85f678]

GC Heap History (0 events):
No events

Deoptimization events (0 events):
No events

Classes unloaded (0 events):
No events

Classes redefined (0 events):
No events

Internal exceptions (4 events):
Event: 0.126 Thread 0x00007f8390808800 Exception <a 'java/lang/NoSuchMethodError'{0x0000000787f9e7d8}: 'int java.lang.invoke.DirectMethodHandle$Holder.invokeSpecial(java.lang.Object, java.lang.Object, java.lang.Object, java.lang.Object)'> (0x0000000787f9e7d8) 
thrown [./open/src/hotspot/share/interpreter/linkResolver.cpp, line 766]
Event: 0.130 Thread 0x00007f8390808800 Exception <a 'java/lang/NoSuchMethodError'{0x0000000787fa6a80}: 'void java.lang.invoke.DirectMethodHandle$Holder.invokeVirtual(java.lang.Object, java.lang.Object)'> (0x0000000787fa6a80) 
thrown [./open/src/hotspot/share/interpreter/linkResolver.cpp, line 766]
Event: 0.169 Thread 0x00007f8390808800 Exception <a 'java/lang/NoSuchMethodError'{0x0000000787e54670}: 'void java.lang.invoke.DirectMethodHandle$Holder.invokeSpecial(java.lang.Object, java.lang.Object, java.lang.Object, java.lang.Object)'> (0x0000000787e54670) 
thrown [./open/src/hotspot/share/interpreter/linkResolver.cpp, line 766]
Event: 0.214 Thread 0x00007f8390808800 Exception <a 'java/lang/NoSuchMethodError'{0x0000000787ed6568}: 'int java.lang.invoke.DirectMethodHandle$Holder.invokeSpecialIFC(java.lang.Object, java.lang.Object, int)'> (0x0000000787ed6568) 
thrown [./open/src/hotspot/share/interpreter/linkResolver.cpp, line 766]

Events (20 events):
Event: 0.246 loading class java/util/stream/Sink$OfInt done
Event: 0.246 loading class java/util/stream/FindOps$FindSink$OfInt done
Event: 0.246 loading class java/util/OptionalInt
Event: 0.246 loading class java/util/OptionalInt done
Event: 0.247 loading class java/util/stream/IntPipeline$9$1
Event: 0.247 loading class java/util/stream/Sink$ChainedInt
Event: 0.247 loading class java/util/stream/Sink$ChainedInt done
Event: 0.247 loading class java/util/stream/IntPipeline$9$1 done
Event: 0.247 loading class java/lang/StringUTF16$CharsSpliterator
Event: 0.247 loading class java/lang/StringUTF16$CharsSpliterator done
Event: 0.248 loading class java/lang/CharacterData00
Event: 0.248 loading class java/lang/CharacterData00 done
Event: 0.249 loading class java/text/DecimalFormat
Event: 0.250 loading class java/text/DecimalFormat done
Event: 0.250 loading class java/text/FieldPosition
Event: 0.250 loading class java/text/FieldPosition done
Event: 0.250 loading class java/text/DigitList
Event: 0.250 loading class java/text/DigitList done
Event: 0.250 loading class java/math/RoundingMode
Event: 0.250 loading class java/math/RoundingMode done


Dynamic libraries:
0x00007ffdffcc3000 	/Library/Apple/usr/libexec/oah/runtime
0x00007fff2a5f5000 	/usr/lib/libz.1.dylib
0x000000010ca91000 	/Users/noel/.p2/pool/plugins/org.eclipse.justj.openjdk.hotspot.jre.full.macosx.x86_64_14.0.2.v20200815-0932/jre/lib/libjli.dylib
0x00007fff352a7000 	/System/Library/Frameworks/Cocoa.framework/Versions/A/Cocoa
0x00007fff2214c000 	/System/Library/Frameworks/Security.framework/Versions/A/Security
0x00007fff334a4000 	/System/Library/Frameworks/ApplicationServices.framework/Versions/A/ApplicationServices
0x00007fff2a6c1000 	/usr/lib/libSystem.B.dylib
0x00007fff2a6bb000 	/usr/lib/system/libcache.dylib
0x00007fff2a677000 	/usr/lib/system/libcommonCrypto.dylib
0x00007fff2a6a1000 	/usr/lib/system/libcompiler_rt.dylib
0x00007fff2a696000 	/usr/lib/system/libcopyfile.dylib
0x00007fff200ea000 	/usr/lib/system/libcorecrypto.dylib
0x00007fff201b7000 	/usr/lib/system/libdispatch.dylib
0x00007fff2036c000 	/usr/lib/system/libdyld.dylib
0x00007fff2a6b2000 	/usr/lib/system/libkeymgr.dylib
0x00007fff2dc56000 	/usr/lib/system/liblaunch.dylib
0x00007fff2a655000 	/usr/lib/system/libmacho.dylib
0x00007fff29e6a000 	/usr/lib/system/libquarantine.dylib
0x00007fff2a6af000 	/usr/lib/system/libremovefile.dylib
0x00007fff24ae3000 	/usr/lib/system/libsystem_asl.dylib
0x00007fff2009a000 	/usr/lib/system/libsystem_blocks.dylib
0x00007fff20239000 	/usr/lib/system/libsystem_c.dylib
0x00007fff2a6a9000 	/usr/lib/system/libsystem_collections.dylib
0x00007fff29257000 	/usr/lib/system/libsystem_configuration.dylib
0x00007fff28543000 	/usr/lib/system/libsystem_containermanager.dylib
0x00007fff2a3ed000 	/usr/lib/system/libsystem_coreservices.dylib
0x00007fff22700000 	/usr/lib/system/libsystem_darwin.dylib
0x00007fff2a6b3000 	/usr/lib/system/libsystem_dnssd.dylib
0x00007fff20236000 	/usr/lib/system/libsystem_featureflags.dylib
0x00007fff203b1000 	/usr/lib/system/libsystem_info.dylib
0x00007fff2a608000 	/usr/lib/system/libsystem_m.dylib
0x00007fff2018a000 	/usr/lib/system/libsystem_malloc.dylib
0x00007fff24a77000 	/usr/lib/system/libsystem_networkextension.dylib
0x00007fff22b1b000 	/usr/lib/system/libsystem_notify.dylib
0x00007fff3010a000 	/usr/lib/system/libsystem_product_info_filter.dylib
0x00007fff2925b000 	/usr/lib/system/libsystem_sandbox.dylib
0x00007fff2a6ac000 	/usr/lib/system/libsystem_secinit.dylib
0x00007fff20331000 	/usr/lib/system/libsystem_kernel.dylib
0x00007fff203a7000 	/usr/lib/system/libsystem_platform.dylib
0x00007fff20360000 	/usr/lib/system/libsystem_pthread.dylib
0x00007fff26211000 	/usr/lib/system/libsystem_symptoms.dylib
0x00007fff200d2000 	/usr/lib/system/libsystem_trace.dylib
0x00007fff2a683000 	/usr/lib/system/libunwind.dylib
0x00007fff2009c000 	/usr/lib/system/libxpc.dylib
0x00007fff20318000 	/usr/lib/libc++abi.dylib
0x00007fff201fc000 	/usr/lib/libobjc.A.dylib
0x00007fff2a68e000 	/usr/lib/liboah.dylib
0x00007fff202c2000 	/usr/lib/libc++.1.dylib
0x00007fff203dd000 	/System/Library/Frameworks/CoreFoundation.framework/Versions/A/CoreFoundation
0x00007fff210bf000 	/System/Library/Frameworks/Foundation.framework/Versions/C/Foundation
0x00007fff22b73000 	/System/Library/Frameworks/AppKit.framework/Versions/C/AppKit
0x00007fff25a31000 	/System/Library/Frameworks/CoreData.framework/Versions/A/CoreData
0x00007fff238d6000 	/System/Library/PrivateFrameworks/UIFoundation.framework/Versions/A/UIFoundation
0x00007fff2fe83000 	/System/Library/PrivateFrameworks/RemoteViewServices.framework/Versions/A/RemoteViewServices
0x00007fff28c0d000 	/System/Library/PrivateFrameworks/XCTTargetBootstrap.framework/Versions/A/XCTTargetBootstrap
0x00007fff2b95f000 	/usr/lib/libspindump.dylib
0x00007fff23b2b000 	/System/Library/Frameworks/UniformTypeIdentifiers.framework/Versions/A/UniformTypeIdentifiers
0x00007fff273e3000 	/usr/lib/libapp_launch_measurement.dylib
0x00007fff273e6000 	/System/Library/PrivateFrameworks/CoreAutoLayout.framework/Versions/A/CoreAutoLayout
0x00007fff2856f000 	/System/Library/Frameworks/Metal.framework/Versions/A/Metal
0x00007fff29266000 	/usr/lib/liblangid.dylib
0x00007fff28c11000 	/System/Library/PrivateFrameworks/CoreSVG.framework/Versions/A/CoreSVG
0x00007fff24b12000 	/System/Library/PrivateFrameworks/SkyLight.framework/Versions/A/SkyLight
0x00007fff24e79000 	/System/Library/Frameworks/CoreGraphics.framework/Versions/A/CoreGraphics
0x00007fff304da000 	/System/Library/Frameworks/Accelerate.framework/Versions/A/Accelerate
0x00007fff2b39a000 	/System/Library/PrivateFrameworks/IconServices.framework/Versions/A/IconServices
0x00007fff28554000 	/System/Library/Frameworks/IOSurface.framework/Versions/A/IOSurface
0x00007fff263c3000 	/usr/lib/libDiagnosticMessagesClient.dylib
0x00007fff28bf9000 	/System/Library/PrivateFrameworks/DFRFoundation.framework/Versions/A/DFRFoundation
0x00007fff2249e000 	/usr/lib/libicucore.A.dylib
0x00007fff2cea4000 	/System/Library/Frameworks/AudioToolbox.framework/Versions/A/AudioToolbox
0x00007fff2c149000 	/System/Library/PrivateFrameworks/DataDetectorsCore.framework/Versions/A/DataDetectorsCore
0x00007fff288f9000 	/System/Library/Frameworks/Carbon.framework/Versions/A/Frameworks/HIToolbox.framework/Versions/A/HIToolbox
0x00007fff26e3e000 	/System/Library/Frameworks/QuartzCore.framework/Versions/A/QuartzCore
0x00007fff2febf000 	/System/Library/Frameworks/Carbon.framework/Versions/A/Frameworks/SpeechRecognition.framework/Versions/A/SpeechRecognition
0x00007fff2714b000 	/System/Library/PrivateFrameworks/CoreUI.framework/Versions/A/CoreUI
0x00007fff21aa7000 	/System/Library/Frameworks/CoreAudio.framework/Versions/A/CoreAudio
0x00007fff264ae000 	/System/Library/Frameworks/DiskArbitration.framework/Versions/A/DiskArbitration
0x00007fff2bd59000 	/System/Library/PrivateFrameworks/MultitouchSupport.framework/Versions/A/MultitouchSupport
0x00007fff2c140000 	/System/Library/PrivateFrameworks/InternationalSupport.framework/Versions/A/InternationalSupport
0x00007fff24a86000 	/usr/lib/libenergytrace.dylib
0x00007fff22a6c000 	/System/Library/Frameworks/IOKit.framework/Versions/A/IOKit
0x00007fff3020c000 	/System/Library/Frameworks/CoreServices.framework/Versions/A/CoreServices
0x00007fff27379000 	/System/Library/PrivateFrameworks/PerformanceAnalysis.framework/Versions/A/PerformanceAnalysis
0x00007fff6cb81000 	/System/Library/Frameworks/OpenGL.framework/Versions/A/OpenGL
0x00007fff2c1c5000 	/System/Library/PrivateFrameworks/UserActivity.framework/Versions/A/UserActivity
0x00007fff25533000 	/System/Library/Frameworks/ColorSync.framework/Versions/A/ColorSync
0x00007fff28e7d000 	/System/Library/Frameworks/CoreImage.framework/Versions/A/CoreImage
0x00007fff218be000 	/System/Library/Frameworks/CoreText.framework/Versions/A/CoreText
0x00007fff28c3b000 	/System/Library/Frameworks/ImageIO.framework/Versions/A/ImageIO
0x00007fff2a6c7000 	/System/Library/PrivateFrameworks/SoftLinking.framework/Versions/A/SoftLinking
0x00007fff2742f000 	/usr/lib/libxml2.2.dylib
0x00007fff2a939000 	/usr/lib/libcompression.dylib
0x00007fff24a87000 	/usr/lib/libMobileGestalt.dylib
0x00007fff2c073000 	/System/Library/PrivateFrameworks/TextureIO.framework/Versions/A/TextureIO
0x00007fff2b027000 	/usr/lib/libate.dylib
0x00007fff2ad52000 	/usr/lib/liblzma.5.dylib
0x00007fff20dd3000 	/System/Library/Frameworks/SystemConfiguration.framework/Versions/A/SystemConfiguration
0x00007fff2a6c3000 	/usr/lib/libfakelink.dylib
0x00007fff245d9000 	/System/Library/Frameworks/CFNetwork.framework/Versions/A/CFNetwork
0x00007fff2a803000 	/usr/lib/libarchive.2.dylib
0x00007fff20e51000 	/usr/lib/libCRFSuite.dylib
0x00007fff29e91000 	/usr/lib/libbsm.0.dylib
0x00007fff23f95000 	/usr/lib/libnetwork.dylib
0x00007fff2a6c8000 	/usr/lib/libpcap.A.dylib
0x00007fff2620a000 	/usr/lib/libdns_services.dylib
0x00007fff2ad6b000 	/usr/lib/libcoretls_cfhelpers.dylib
0x00007fff2a907000 	/usr/lib/libapple_nghttp2.dylib
0x00007fff2a65b000 	/usr/lib/system/libkxld.dylib
0x00007fff25e78000 	/usr/lib/libsqlite3.dylib
0x00007fff2a3cf000 	/System/Library/PrivateFrameworks/AppleFSCompression.framework/Versions/A/AppleFSCompression
0x00007fff29e79000 	/usr/lib/libcoretls.dylib
0x00007fff2a934000 	/usr/lib/libpam.2.dylib
0x00007fff2ae68000 	/usr/lib/libxar.1.dylib
0x00007fff29262000 	/System/Library/PrivateFrameworks/AppleSystemInfo.framework/Versions/A/AppleSystemInfo
0x00007fff29abc000 	/System/Library/PrivateFrameworks/IOMobileFramebuffer.framework/Versions/A/IOMobileFramebuffer
0x00007fff2a3df000 	/usr/lib/libbz2.1.0.dylib
0x00007fff2a700000 	/usr/lib/libiconv.2.dylib
0x00007fff2a654000 	/usr/lib/libcharset.1.dylib
0x00007fff273b5000 	/System/Library/Frameworks/CoreServices.framework/Versions/A/Frameworks/FSEvents.framework/Versions/A/FSEvents
0x00007fff2270a000 	/System/Library/Frameworks/CoreServices.framework/Versions/A/Frameworks/CarbonCore.framework/Versions/A/CarbonCore
0x00007fff26413000 	/System/Library/Frameworks/CoreServices.framework/Versions/A/Frameworks/Metadata.framework/Versions/A/Metadata
0x00007fff2a3f2000 	/System/Library/Frameworks/CoreServices.framework/Versions/A/Frameworks/OSServices.framework/Versions/A/OSServices
0x00007fff2a875000 	/System/Library/Frameworks/CoreServices.framework/Versions/A/Frameworks/SearchKit.framework/Versions/A/SearchKit
0x00007fff26194000 	/System/Library/Frameworks/CoreServices.framework/Versions/A/Frameworks/AE.framework/Versions/A/AE
0x00007fff20879000 	/System/Library/Frameworks/CoreServices.framework/Versions/A/Frameworks/LaunchServices.framework/Versions/A/LaunchServices
0x00007fff2ad03000 	/System/Library/Frameworks/CoreServices.framework/Versions/A/Frameworks/DictionaryServices.framework/Versions/A/DictionaryServices
0x00007fff273be000 	/System/Library/Frameworks/CoreServices.framework/Versions/A/Frameworks/SharedFileList.framework/Versions/A/SharedFileList
0x00007fff29e6d000 	/usr/lib/libCheckFix.dylib
0x00007fff24afa000 	/System/Library/PrivateFrameworks/TCC.framework/Versions/A/TCC
0x00007fff29268000 	/System/Library/PrivateFrameworks/CoreNLP.framework/Versions/A/CoreNLP
0x00007fff263c6000 	/System/Library/PrivateFrameworks/MetadataUtilities.framework/Versions/A/MetadataUtilities
0x00007fff20e87000 	/usr/lib/libmecabra.dylib
0x00007fff2a181000 	/System/Library/Frameworks/MLCompute.framework/Versions/A/MLCompute
0x00007fff29ea2000 	/usr/lib/libmecab.dylib
0x00007fff29eec000 	/usr/lib/libgermantok.dylib
0x00007fff2a8dd000 	/usr/lib/libThaiTokenizer.dylib
0x00007fff2aea3000 	/usr/lib/libChineseTokenizer.dylib
0x00007fff2a932000 	/System/Library/Frameworks/MetalPerformanceShaders.framework/Versions/A/MetalPerformanceShaders
0x00007fff264b5000 	/System/Library/Frameworks/Accelerate.framework/Versions/A/Frameworks/vImage.framework/Versions/A/vImage
0x00007fff301e5000 	/System/Library/Frameworks/Accelerate.framework/Versions/A/Frameworks/vecLib.framework/Versions/A/vecLib
0x00007fff2aeae000 	/System/Library/Frameworks/Accelerate.framework/Versions/A/Frameworks/vecLib.framework/Versions/A/libvMisc.dylib
0x00007fff29918000 	/System/Library/Frameworks/Accelerate.framework/Versions/A/Frameworks/vecLib.framework/Versions/A/libvDSP.dylib
0x00007fff20b7d000 	/System/Library/Frameworks/Accelerate.framework/Versions/A/Frameworks/vecLib.framework/Versions/A/libBLAS.dylib
0x00007fff2a958000 	/System/Library/Frameworks/Accelerate.framework/Versions/A/Frameworks/vecLib.framework/Versions/A/libLAPACK.dylib
0x00007fff29ef2000 	/System/Library/Frameworks/Accelerate.framework/Versions/A/Frameworks/vecLib.framework/Versions/A/libLinearAlgebra.dylib
0x00007fff2a91f000 	/System/Library/Frameworks/Accelerate.framework/Versions/A/Frameworks/vecLib.framework/Versions/A/libSparseBLAS.dylib
0x00007fff2a952000 	/System/Library/Frameworks/Accelerate.framework/Versions/A/Frameworks/vecLib.framework/Versions/A/libQuadrature.dylib
0x00007fff29310000 	/System/Library/Frameworks/Accelerate.framework/Versions/A/Frameworks/vecLib.framework/Versions/A/libBNNS.dylib
0x00007fff20d64000 	/System/Library/Frameworks/Accelerate.framework/Versions/A/Frameworks/vecLib.framework/Versions/A/libSparse.dylib
0x00007fff291fb000 	/System/Library/Frameworks/MetalPerformanceShaders.framework/Versions/A/Frameworks/MPSCore.framework/Versions/A/MPSCore
0x00007fff2a33e000 	/System/Library/Frameworks/MetalPerformanceShaders.framework/Versions/A/Frameworks/MPSImage.framework/Versions/A/MPSImage
0x00007fff29f09000 	/System/Library/Frameworks/MetalPerformanceShaders.framework/Versions/A/Frameworks/MPSNeuralNetwork.framework/Versions/A/MPSNeuralNetwork
0x00007fff2a2c9000 	/System/Library/Frameworks/MetalPerformanceShaders.framework/Versions/A/Frameworks/MPSMatrix.framework/Versions/A/MPSMatrix
0x00007fff2a131000 	/System/Library/Frameworks/MetalPerformanceShaders.framework/Versions/A/Frameworks/MPSRayIntersector.framework/Versions/A/MPSRayIntersector
0x00007fff2a300000 	/System/Library/Frameworks/MetalPerformanceShaders.framework/Versions/A/Frameworks/MPSNDArray.framework/Versions/A/MPSNDArray
0x00007fff20aa9000 	/System/Library/PrivateFrameworks/MetalTools.framework/Versions/A/MetalTools
0x00007fff29260000 	/System/Library/PrivateFrameworks/AggregateDictionary.framework/Versions/A/AggregateDictionary
0x00007fff2639e000 	/System/Library/PrivateFrameworks/CoreAnalytics.framework/Versions/A/CoreAnalytics
0x00007fff2a8df000 	/System/Library/PrivateFrameworks/AppleSauce.framework/Versions/A/AppleSauce
0x00007fff28566000 	/System/Library/PrivateFrameworks/IOAccelerator.framework/Versions/A/IOAccelerator
0x00007fff6cb75000 	/System/Library/Frameworks/OpenGL.framework/Versions/A/Libraries/libCoreFSCache.dylib
0x00007fff21423000 	/System/Library/PrivateFrameworks/LanguageModeling.framework/Versions/A/LanguageModeling
0x00007fff29aa9000 	/System/Library/PrivateFrameworks/CoreEmoji.framework/Versions/A/CoreEmoji
0x00007fff29309000 	/System/Library/PrivateFrameworks/LinguisticData.framework/Versions/A/LinguisticData
0x00007fff20d16000 	/System/Library/PrivateFrameworks/Lexicon.framework/Versions/A/Lexicon
0x00007fff2a7f1000 	/usr/lib/libcmph.dylib
0x00007fff27395000 	/System/Library/Frameworks/OpenDirectory.framework/Versions/A/Frameworks/CFOpenDirectory.framework/Versions/A/CFOpenDirectory
0x00007fff27385000 	/System/Library/Frameworks/OpenDirectory.framework/Versions/A/OpenDirectory
0x00007fff2ad6d000 	/System/Library/PrivateFrameworks/APFS.framework/Versions/A/APFS
0x00007fff29dce000 	/System/Library/Frameworks/SecurityFoundation.framework/Versions/A/SecurityFoundation
0x00007fff2ae76000 	/usr/lib/libutil.dylib
0x00007fff22a31000 	/System/Library/PrivateFrameworks/CoreServicesStore.framework/Versions/A/CoreServicesStore
0x00007fff29e65000 	/System/Library/Frameworks/ServiceManagement.framework/Versions/A/ServiceManagement
0x00007fff2ae7a000 	/usr/lib/libxslt.1.dylib
0x00007fff29e5b000 	/System/Library/PrivateFrameworks/BackgroundTaskManagement.framework/Versions/A/BackgroundTaskManagement
0x00007fff2bfbe000 	/System/Library/Frameworks/ImageIO.framework/Versions/A/Resources/libRadiance.dylib
0x00007fff2bfc7000 	/System/Library/Frameworks/ImageIO.framework/Versions/A/Resources/libJPEG.dylib
0x00007fff2bf13000 	/System/Library/Frameworks/ImageIO.framework/Versions/A/Resources/libPng.dylib
0x00007fff2bf3a000 	/System/Library/Frameworks/ImageIO.framework/Versions/A/Resources/libTIFF.dylib
0x00007fff2c01c000 	/System/Library/Frameworks/ImageIO.framework/Versions/A/Resources/libGIF.dylib
0x00007fff2bc77000 	/System/Library/Frameworks/ImageIO.framework/Versions/A/Resources/libJP2.dylib
0x00007fff2b361000 	/usr/lib/libexpat.1.dylib
0x00007fff2bc2c000 	/System/Library/PrivateFrameworks/AppleJPEG.framework/Versions/A/AppleJPEG
0x00007fff2879c000 	/System/Library/PrivateFrameworks/FontServices.framework/libFontParser.dylib
0x00007fff26148000 	/System/Library/PrivateFrameworks/RunningBoardServices.framework/Versions/A/RunningBoardServices
0x00007fff2bd55000 	/System/Library/PrivateFrameworks/WatchdogClient.framework/Versions/A/WatchdogClient
0x00007fff21510000 	/System/Library/Frameworks/CoreDisplay.framework/Versions/A/CoreDisplay
0x00007fff286b2000 	/System/Library/Frameworks/CoreMedia.framework/Versions/A/CoreMedia
0x00007fff27512000 	/System/Library/Frameworks/CoreVideo.framework/Versions/A/CoreVideo
0x00007fff2bd8d000 	/System/Library/Frameworks/VideoToolbox.framework/Versions/A/VideoToolbox
0x00007fff260c6000 	/System/Library/PrivateFrameworks/BaseBoard.framework/Versions/A/BaseBoard
0x00007fff2b4a6000 	/System/Library/PrivateFrameworks/PersistentConnection.framework/Versions/A/PersistentConnection
0x00007fff25e61000 	/System/Library/PrivateFrameworks/ProtocolBuffer.framework/Versions/A/ProtocolBuffer
0x00007fff260ad000 	/System/Library/PrivateFrameworks/CommonUtilities.framework/Versions/A/CommonUtilities
0x00007fff2bbc1000 	/System/Library/PrivateFrameworks/Bom.framework/Versions/A/Bom
0x00007fff2bfb7000 	/System/Library/PrivateFrameworks/GPUWrangler.framework/Versions/A/GPUWrangler
0x00007fff2bf9a000 	/System/Library/PrivateFrameworks/IOPresentment.framework/Versions/A/IOPresentment
0x00007fff2bfc1000 	/System/Library/PrivateFrameworks/DSExternalDisplay.framework/Versions/A/DSExternalDisplay
0x00007fff2c021000 	/System/Library/PrivateFrameworks/CMCaptureCore.framework/Versions/A/CMCaptureCore
0x00007fff2b946000 	/System/Library/PrivateFrameworks/AppServerSupport.framework/Versions/A/AppServerSupport
0x00007fff2d9f5000 	/System/Library/PrivateFrameworks/perfdata.framework/Versions/A/perfdata
0x00007fff29dbd000 	/System/Library/PrivateFrameworks/AssertionServices.framework/Versions/A/AssertionServices
0x00007fff21647000 	/System/Library/PrivateFrameworks/AudioToolboxCore.framework/Versions/A/AudioToolboxCore
0x00007fff28695000 	/System/Library/PrivateFrameworks/caulk.framework/Versions/A/caulk
0x00007fff3d6a0000 	/System/Library/PrivateFrameworks/SystemPolicy.framework/Versions/A/SystemPolicy
0x00007fff2b156000 	/usr/lib/libIOReport.dylib
0x00007fff2d217000 	/usr/lib/libSMC.dylib
0x00007fff2bee0000 	/usr/lib/libAudioToolboxUtility.dylib
0x00007fff3e00a000 	/usr/lib/libmis.dylib
0x00007fff6cbd1000 	/System/Library/Frameworks/OpenGL.framework/Versions/A/Libraries/libGLU.dylib
0x00007fff6cb94000 	/System/Library/Frameworks/OpenGL.framework/Versions/A/Libraries/libGFXShared.dylib
0x00007fff6cda3000 	/System/Library/Frameworks/OpenGL.framework/Versions/A/Libraries/libGL.dylib
0x00007fff6cb9d000 	/System/Library/Frameworks/OpenGL.framework/Versions/A/Libraries/libGLImage.dylib
0x00007fff6cb91000 	/System/Library/Frameworks/OpenGL.framework/Versions/A/Libraries/libCVMSPluginSupport.dylib
0x00007fff6cb7c000 	/System/Library/Frameworks/OpenGL.framework/Versions/A/Libraries/libCoreVMClient.dylib
0x00007fff6e1e4000 	/System/Library/Frameworks/OpenCL.framework/Versions/A/OpenCL
0x00007fff2b4d0000 	/System/Library/PrivateFrameworks/GraphVisualizer.framework/Versions/A/GraphVisualizer
0x00007fff2b4df000 	/System/Library/PrivateFrameworks/FaceCore.framework/Versions/A/FaceCore
0x00007fff2b8fb000 	/System/Library/PrivateFrameworks/OTSVG.framework/Versions/A/OTSVG
0x00007fff27109000 	/System/Library/Frameworks/ApplicationServices.framework/Versions/A/Frameworks/ATS.framework/Versions/A/Resources/libFontRegistry.dylib
0x00007fff2b94d000 	/System/Library/PrivateFrameworks/FontServices.framework/libhvf.dylib
0x00007fff2b30d000 	/System/Library/PrivateFrameworks/AppleVA.framework/Versions/A/AppleVA
0x00007fff2d060000 	/System/Library/Frameworks/ApplicationServices.framework/Versions/A/Frameworks/ATS.framework/Versions/A/ATS
0x00007fff2d372000 	/System/Library/Frameworks/ApplicationServices.framework/Versions/A/Frameworks/ColorSyncLegacy.framework/Versions/A/ColorSyncLegacy
0x00007fff2562a000 	/System/Library/Frameworks/ApplicationServices.framework/Versions/A/Frameworks/HIServices.framework/Versions/A/HIServices
0x00007fff2d357000 	/System/Library/Frameworks/ApplicationServices.framework/Versions/A/Frameworks/LangAnalysis.framework/Versions/A/LangAnalysis
0x00007fff2c02b000 	/System/Library/Frameworks/ApplicationServices.framework/Versions/A/Frameworks/PrintCore.framework/Versions/A/PrintCore
0x00007fff2d37a000 	/System/Library/Frameworks/ApplicationServices.framework/Versions/A/Frameworks/QD.framework/Versions/A/QD
0x00007fff2d050000 	/System/Library/Frameworks/ApplicationServices.framework/Versions/A/Frameworks/SpeechSynthesis.framework/Versions/A/SpeechSynthesis
0x00007fff2bfec000 	/System/Library/Frameworks/ApplicationServices.framework/Versions/A/Frameworks/ATSUI.framework/Versions/A/ATSUI
0x00007fff2d2f7000 	/usr/lib/libcups.2.dylib
0x00007fff2d367000 	/System/Library/PrivateFrameworks/NetAuth.framework/Versions/A/NetAuth
0x00007fff2da11000 	/System/Library/Frameworks/Kerberos.framework/Versions/A/Kerberos
0x00007fff2da21000 	/System/Library/Frameworks/GSS.framework/Versions/A/GSS
0x00007fff2d0cc000 	/usr/lib/libresolv.9.dylib
0x00007fff2b962000 	/System/Library/PrivateFrameworks/Heimdal.framework/Versions/A/Heimdal
0x00007fff337a5000 	/System/Library/Frameworks/Kerberos.framework/Versions/A/Libraries/libHeimdalProxy.dylib
0x00007fff26219000 	/System/Library/Frameworks/Network.framework/Versions/A/Network
0x00007fff2b37b000 	/usr/lib/libheimdal-asn1.dylib
0x00007fff2da71000 	/System/Library/PrivateFrameworks/CommonAuth.framework/Versions/A/CommonAuth
0x00007fff2755f000 	/System/Library/PrivateFrameworks/login.framework/Versions/A/Frameworks/loginsupport.framework/Versions/A/loginsupport
0x00007fff2cfd5000 	/System/Library/PrivateFrameworks/AudioSession.framework/Versions/A/AudioSession
0x00007fff2d03d000 	/usr/lib/libAudioStatistics.dylib
0x00007fff2b408000 	/System/Library/PrivateFrameworks/MediaExperience.framework/Versions/A/MediaExperience
0x00007fff2ce72000 	/System/Library/PrivateFrameworks/AudioSession.framework/libSessionUtility.dylib
0x00007fff2da02000 	/usr/lib/libperfcheck.dylib
0x00007fff2d386000 	/System/Library/PrivateFrameworks/AudioResourceArbitration.framework/Versions/A/AudioResourceArbitration
0x00007fff2b385000 	/System/Library/PrivateFrameworks/IconFoundation.framework/Versions/A/IconFoundation
0x00007fff2feaf000 	/System/Library/PrivateFrameworks/SpeechRecognitionCore.framework/Versions/A/SpeechRecognitionCore
0x0000000111000000 	/Users/noel/.p2/pool/plugins/org.eclipse.justj.openjdk.hotspot.jre.full.macosx.x86_64_14.0.2.v20200815-0932/jre/lib/server/libjvm.dylib
0x000000010cb1b000 	/Users/noel/.p2/pool/plugins/org.eclipse.justj.openjdk.hotspot.jre.full.macosx.x86_64_14.0.2.v20200815-0932/jre/lib/libjimage.dylib
0x000000010cb7b000 	/Users/noel/.p2/pool/plugins/org.eclipse.justj.openjdk.hotspot.jre.full.macosx.x86_64_14.0.2.v20200815-0932/jre/lib/libjava.dylib
0x000000010cbd7000 	/Users/noel/.p2/pool/plugins/org.eclipse.justj.openjdk.hotspot.jre.full.macosx.x86_64_14.0.2.v20200815-0932/jre/lib/libzip.dylib
0x000000010cf80000 	/Users/noel/.p2/pool/plugins/org.eclipse.justj.openjdk.hotspot.jre.full.macosx.x86_64_14.0.2.v20200815-0932/jre/lib/libnio.dylib
0x000000010cfad000 	/Users/noel/.p2/pool/plugins/org.eclipse.justj.openjdk.hotspot.jre.full.macosx.x86_64_14.0.2.v20200815-0932/jre/lib/libnet.dylib


VM Arguments:
jvm_args: -Dfile.encoding=UTF-8 --module-path=/Users/noel/eclipse-workspace/W3Resource/bin -XX:+ShowCodeDetailsInExceptionMessages -Djdk.module.main=W3Resource 
java_command: W3Resource/math.Exer_15
java_class_path (initial): <not set>
Launcher Type: SUN_STANDARD

[Global flags]
     intx CICompilerCount                          = 4                                         {product} {ergonomic}
     uint ConcGCThreads                            = 2                                         {product} {ergonomic}
     uint G1ConcRefinementThreads                  = 8                                         {product} {ergonomic}
   size_t G1HeapRegionSize                         = 1048576                                   {product} {ergonomic}
    uintx GCDrainStackTargetSize                   = 64                                        {product} {ergonomic}
   size_t InitialHeapSize                          = 134217728                                 {product} {ergonomic}
   size_t MarkStackSize                            = 4194304                                   {product} {ergonomic}
   size_t MaxHeapSize                              = 2147483648                                {product} {ergonomic}
   size_t MaxNewSize                               = 1287651328                                {product} {ergonomic}
   size_t MinHeapDeltaBytes                        = 1048576                                   {product} {ergonomic}
   size_t MinHeapSize                              = 8388608                                   {product} {ergonomic}
    uintx NonNMethodCodeHeapSize                   = 5839372                                {pd product} {ergonomic}
    uintx NonProfiledCodeHeapSize                  = 122909434                              {pd product} {ergonomic}
    uintx ProfiledCodeHeapSize                     = 122909434                              {pd product} {ergonomic}
    uintx ReservedCodeCacheSize                    = 251658240                              {pd product} {ergonomic}
     bool SegmentedCodeCache                       = true                                      {product} {ergonomic}
     bool ShowCodeDetailsInExceptionMessages       = true                                   {manageable} {command line}
   size_t SoftMaxHeapSize                          = 2147483648                             {manageable} {ergonomic}
     bool UseCompressedClassPointers               = true                                 {lp64_product} {ergonomic}
     bool UseCompressedOops                        = true                                 {lp64_product} {ergonomic}
     bool UseG1GC                                  = true                                      {product} {ergonomic}

Logging:
Log output configuration:
 #0: stdout all=warning uptime,level,tags
 #1: stderr all=off uptime,level,tags

Environment Variables:
PATH=/usr/bin:/bin:/usr/sbin:/sbin
SHELL=/bin/zsh

Signal Handlers:
SIGSEGV: [libjvm.dylib+0x7415c8], sa_mask[0]=11111111111111111111111111111111, sa_flags=SA_ONSTACK|SA_RESTART|SA_SIGINFO
SIGBUS: [libjvm.dylib+0x7415c8], sa_mask[0]=11111111111111111111111111111111, sa_flags=SA_RESTART|SA_SIGINFO
SIGFPE: [libjvm.dylib+0x7415c8], sa_mask[0]=11111111111111111111111111111111, sa_flags=SA_RESTART|SA_SIGINFO
SIGPIPE: [libjvm.dylib+0x5eb4c1], sa_mask[0]=11111111111111111111111111111111, sa_flags=SA_RESTART|SA_SIGINFO
SIGXFSZ: [libjvm.dylib+0x5eb4c1], sa_mask[0]=11111111111111111111111111111111, sa_flags=SA_RESTART|SA_SIGINFO
SIGILL: [libjvm.dylib+0x7415c8], sa_mask[0]=11111111111111111111111111111111, sa_flags=SA_RESTART|SA_SIGINFO
SIGUSR2: [libjvm.dylib+0x5eba93], sa_mask[0]=00100000000000000000000000000000, sa_flags=SA_RESTART|SA_SIGINFO
SIGHUP: [libjvm.dylib+0x5eaaf5], sa_mask[0]=11111111111111111111111111111111, sa_flags=SA_RESTART|SA_SIGINFO
SIGINT: [libjvm.dylib+0x5eaaf5], sa_mask[0]=11111111111111111111111111111111, sa_flags=SA_RESTART|SA_SIGINFO
SIGTERM: [libjvm.dylib+0x5eaaf5], sa_mask[0]=11111111111111111111111111111111, sa_flags=SA_RESTART|SA_SIGINFO
SIGQUIT: [libjvm.dylib+0x5eaaf5], sa_mask[0]=11111111111111111111111111111111, sa_flags=SA_RESTART|SA_SIGINFO


---------------  S Y S T E M  ---------------

OS:uname:Darwin 20.3.0 Darwin Kernel Version 20.3.0: Thu Jan 21 00:06:51 PST 2021; root:xnu-7195.81.3~1/RELEASE_ARM64_T8101 x86_64
OS uptime: 0 days 2:05 hours
rlimit: STACK 8176k, CORE 0k, NPROC 1333, NOFILE 10240, AS infinity, DATA infinity, FSIZE infinity
load average:1.55 1.56 1.48

CPU:total 8 (initial active 8) (1 cores per cpu, 1 threads per core) family 6 model 44 stepping 0, cmov, cx8, fxsr, mmx, sse, sse2, sse3, ssse3, sse4.1, sse4.2, popcnt, aes, clmul, tsc, tscinvbit, tscinv

Memory: 4k page, physical 8388608k(67884k free), swap 2097152k(1706496k free)

vm_info: OpenJDK 64-Bit Server VM (14.0.2+12-46) for bsd-amd64 JRE (14.0.2+12-46), built on Jul  8 2020 23:34:30 by "mach5one" with clang 4.2.1 Compatible Apple LLVM 10.0.0 (clang-1000.11.45.5)

END.
